{"C:\\Users\\sadek\\Desktop\\dosier openclassroom\\concepteur\\p13\\Bank-API-1\\Frontend\\src\\app\\store.ts": {"path":"C:\\Users\\sadek\\Desktop\\dosier openclassroom\\concepteur\\p13\\Bank-API-1\\Frontend\\src\\app\\store.ts","statementMap":{"0":{"start":{"line":1,"column":0},"end":{"line":1,"column":50}},"1":{"start":{"line":2,"column":0},"end":{"line":2,"column":55}},"2":{"start":{"line":3,"column":0},"end":{"line":3,"column":48}},"3":{"start":{"line":4,"column":0},"end":{"line":4,"column":61}},"4":{"start":{"line":5,"column":0},"end":{"line":5,"column":36}},"5":{"start":{"line":7,"column":22},"end":{"line":10,"column":2}},"6":{"start":{"line":12,"column":25},"end":{"line":12,"column":66}},"7":{"start":{"line":14,"column":13},"end":{"line":24,"column":3}},"8":{"start":{"line":19,"column":4},"end":{"line":23,"column":20}},"9":{"start":{"line":25,"column":13},"end":{"line":25,"column":45}}},"fnMap":{"0":{"name":"(anonymous_0)","decl":{"start":{"line":18,"column":14},"end":{"line":18,"column":15}},"loc":{"start":{"line":19,"column":4},"end":{"line":23,"column":20}}}},"branchMap":{},"s":{"0":5,"1":5,"2":5,"3":5,"4":5,"5":5,"6":5,"7":5,"8":5,"9":5},"f":{"0":5},"b":{}}
,"C:\\Users\\sadek\\Desktop\\dosier openclassroom\\concepteur\\p13\\Bank-API-1\\Frontend\\src\\components\\account\\index.tsx": {"path":"C:\\Users\\sadek\\Desktop\\dosier openclassroom\\concepteur\\p13\\Bank-API-1\\Frontend\\src\\components\\account\\index.tsx","statementMap":{"0":{"start":{"line":1,"column":0},"end":{"line":1,"column":21}},"1":{"start":{"line":9,"column":40},"end":{"line":22,"column":1}},"2":{"start":{"line":10,"column":2},"end":{"line":21,"column":4}},"3":{"start":{"line":24,"column":0},"end":{"line":24,"column":23}}},"fnMap":{"0":{"name":"(anonymous_0)","decl":{"start":{"line":9,"column":40},"end":{"line":9,"column":41}},"loc":{"start":{"line":9,"column":75},"end":{"line":22,"column":1}}}},"branchMap":{},"s":{"0":1,"1":1,"2":3,"3":1},"f":{"0":3},"b":{}}
,"C:\\Users\\sadek\\Desktop\\dosier openclassroom\\concepteur\\p13\\Bank-API-1\\Frontend\\src\\components\\displayMessage\\index.tsx": {"path":"C:\\Users\\sadek\\Desktop\\dosier openclassroom\\concepteur\\p13\\Bank-API-1\\Frontend\\src\\components\\displayMessage\\index.tsx","statementMap":{"0":{"start":{"line":1,"column":0},"end":{"line":1,"column":35}},"1":{"start":{"line":2,"column":0},"end":{"line":2,"column":38}},"2":{"start":{"line":3,"column":23},"end":{"line":12,"column":1}},"3":{"start":{"line":4,"column":2},"end":{"line":11,"column":17}},"4":{"start":{"line":13,"column":0},"end":{"line":13,"column":30}}},"fnMap":{"0":{"name":"(anonymous_0)","decl":{"start":{"line":3,"column":23},"end":{"line":3,"column":24}},"loc":{"start":{"line":3,"column":58},"end":{"line":12,"column":1}}}},"branchMap":{},"s":{"0":1,"1":1,"2":1,"3":0,"4":1},"f":{"0":0},"b":{}}
,"C:\\Users\\sadek\\Desktop\\dosier openclassroom\\concepteur\\p13\\Bank-API-1\\Frontend\\src\\components\\featureSection\\index.tsx": {"path":"C:\\Users\\sadek\\Desktop\\dosier openclassroom\\concepteur\\p13\\Bank-API-1\\Frontend\\src\\components\\featureSection\\index.tsx","statementMap":{"0":{"start":{"line":2,"column":0},"end":{"line":2,"column":21}},"1":{"start":{"line":10,"column":54},"end":{"line":22,"column":1}},"2":{"start":{"line":15,"column":2},"end":{"line":21,"column":4}},"3":{"start":{"line":24,"column":0},"end":{"line":24,"column":30}}},"fnMap":{"0":{"name":"(anonymous_0)","decl":{"start":{"line":10,"column":54},"end":{"line":10,"column":55}},"loc":{"start":{"line":14,"column":5},"end":{"line":22,"column":1}}}},"branchMap":{},"s":{"0":1,"1":1,"2":1,"3":1},"f":{"0":1},"b":{}}
,"C:\\Users\\sadek\\Desktop\\dosier openclassroom\\concepteur\\p13\\Bank-API-1\\Frontend\\src\\components\\signIn\\index.tsx": {"path":"C:\\Users\\sadek\\Desktop\\dosier openclassroom\\concepteur\\p13\\Bank-API-1\\Frontend\\src\\components\\signIn\\index.tsx","statementMap":{"0":{"start":{"line":1,"column":0},"end":{"line":1,"column":55}},"1":{"start":{"line":2,"column":0},"end":{"line":2,"column":79}},"2":{"start":{"line":3,"column":0},"end":{"line":3,"column":53}},"3":{"start":{"line":4,"column":0},"end":{"line":4,"column":21}},"4":{"start":{"line":6,"column":15},"end":{"line":46,"column":1}},"5":{"start":{"line":7,"column":19},"end":{"line":7,"column":32}},"6":{"start":{"line":8,"column":15},"end":{"line":8,"column":38}},"7":{"start":{"line":9,"column":16},"end":{"line":9,"column":33}},"8":{"start":{"line":10,"column":2},"end":{"line":10,"column":21}},"9":{"start":{"line":11,"column":20},"end":{"line":11,"column":62}},"10":{"start":{"line":12,"column":19},"end":{"line":12,"column":32}},"11":{"start":{"line":16,"column":4},"end":{"line":16,"column":23}},"12":{"start":{"line":20,"column":4},"end":{"line":20,"column":18}},"13":{"start":{"line":21,"column":4},"end":{"line":21,"column":23}},"14":{"start":{"line":23,"column":2},"end":{"line":25,"column":3}},"15":{"start":{"line":24,"column":4},"end":{"line":24,"column":37}},"16":{"start":{"line":27,"column":2},"end":{"line":45,"column":4}},"17":{"start":{"line":48,"column":0},"end":{"line":48,"column":22}}},"fnMap":{"0":{"name":"(anonymous_0)","decl":{"start":{"line":6,"column":15},"end":{"line":6,"column":18}},"loc":{"start":{"line":6,"column":20},"end":{"line":46,"column":1}}},"1":{"name":"Singin","decl":{"start":{"line":15,"column":11},"end":{"line":15,"column":17}},"loc":{"start":{"line":15,"column":17},"end":{"line":17,"column":3}}},"2":{"name":"Singout","decl":{"start":{"line":19,"column":11},"end":{"line":19,"column":18}},"loc":{"start":{"line":19,"column":18},"end":{"line":22,"column":3}}}},"branchMap":{"0":{"loc":{"start":{"line":23,"column":2},"end":{"line":25,"column":3}},"type":"if","locations":[{"start":{"line":23,"column":2},"end":{"line":25,"column":3}}]},"1":{"loc":{"start":{"line":27,"column":9},"end":{"line":44,"column":null}},"type":"cond-expr","locations":[{"start":{"line":28,"column":4},"end":{"line":32,"column":null}},{"start":{"line":35,"column":4},"end":{"line":43,"column":null}}]}},"s":{"0":2,"1":2,"2":2,"3":2,"4":2,"5":10,"6":10,"7":10,"8":10,"9":10,"10":10,"11":1,"12":1,"13":1,"14":10,"15":8,"16":10,"17":2},"f":{"0":10,"1":1,"2":1},"b":{"0":[8],"1":[8,2]}}
,"C:\\Users\\sadek\\Desktop\\dosier openclassroom\\concepteur\\p13\\Bank-API-1\\Frontend\\src\\containers\\editUser\\index.tsx": {"path":"C:\\Users\\sadek\\Desktop\\dosier openclassroom\\concepteur\\p13\\Bank-API-1\\Frontend\\src\\containers\\editUser\\index.tsx","statementMap":{"0":{"start":{"line":3,"column":0},"end":{"line":3,"column":33}},"1":{"start":{"line":4,"column":0},"end":{"line":4,"column":42}},"2":{"start":{"line":5,"column":0},"end":{"line":5,"column":59}},"3":{"start":{"line":6,"column":0},"end":{"line":6,"column":42}},"4":{"start":{"line":7,"column":0},"end":{"line":7,"column":61}},"5":{"start":{"line":8,"column":0},"end":{"line":8,"column":21}},"6":{"start":{"line":10,"column":17},"end":{"line":68,"column":1}},"7":{"start":{"line":11,"column":16},"end":{"line":11,"column":33}},"8":{"start":{"line":12,"column":26},"end":{"line":12,"column":68}},"9":{"start":{"line":13,"column":25},"end":{"line":13,"column":66}},"10":{"start":{"line":14,"column":36},"end":{"line":14,"column":61}},"11":{"start":{"line":15,"column":34},"end":{"line":15,"column":58}},"12":{"start":{"line":16,"column":16},"end":{"line":16,"column":45}},"13":{"start":{"line":17,"column":19},"end":{"line":17,"column":32}},"14":{"start":{"line":20,"column":4},"end":{"line":20,"column":23}},"15":{"start":{"line":21,"column":24},"end":{"line":21,"column":73}},"16":{"start":{"line":22,"column":4},"end":{"line":28,"column":5}},"17":{"start":{"line":23,"column":6},"end":{"line":27,"column":8}},"18":{"start":{"line":30,"column":4},"end":{"line":30,"column":22}},"19":{"start":{"line":33,"column":2},"end":{"line":67,"column":4}},"20":{"start":{"line":45,"column":31},"end":{"line":45,"column":59}},"21":{"start":{"line":53,"column":31},"end":{"line":53,"column":58}},"22":{"start":{"line":61,"column":56},"end":{"line":61,"column":73}},"23":{"start":{"line":70,"column":0},"end":{"line":70,"column":24}}},"fnMap":{"0":{"name":"(anonymous_0)","decl":{"start":{"line":10,"column":17},"end":{"line":10,"column":18}},"loc":{"start":{"line":10,"column":57},"end":{"line":68,"column":1}}},"1":{"name":"Update","decl":{"start":{"line":19,"column":17},"end":{"line":19,"column":23}},"loc":{"start":{"line":19,"column":47},"end":{"line":31,"column":3}}},"2":{"name":"(anonymous_2)","decl":{"start":{"line":45,"column":24},"end":{"line":45,"column":25}},"loc":{"start":{"line":45,"column":31},"end":{"line":45,"column":59}}},"3":{"name":"(anonymous_3)","decl":{"start":{"line":53,"column":24},"end":{"line":53,"column":25}},"loc":{"start":{"line":53,"column":31},"end":{"line":53,"column":58}}},"4":{"name":"(anonymous_4)","decl":{"start":{"line":61,"column":50},"end":{"line":61,"column":53}},"loc":{"start":{"line":61,"column":56},"end":{"line":61,"column":73}}}},"branchMap":{"0":{"loc":{"start":{"line":22,"column":4},"end":{"line":28,"column":5}},"type":"if","locations":[{"start":{"line":22,"column":4},"end":{"line":28,"column":5}}]}},"s":{"0":2,"1":2,"2":2,"3":2,"4":2,"5":2,"6":2,"7":4,"8":4,"9":4,"10":4,"11":4,"12":4,"13":4,"14":1,"15":1,"16":1,"17":0,"18":0,"19":4,"20":0,"21":0,"22":1,"23":2},"f":{"0":4,"1":1,"2":0,"3":0,"4":1},"b":{"0":[0]}}
,"C:\\Users\\sadek\\Desktop\\dosier openclassroom\\concepteur\\p13\\Bank-API-1\\Frontend\\src\\containers\\header\\index.tsx": {"path":"C:\\Users\\sadek\\Desktop\\dosier openclassroom\\concepteur\\p13\\Bank-API-1\\Frontend\\src\\containers\\header\\index.tsx","statementMap":{"0":{"start":{"line":1,"column":0},"end":{"line":1,"column":40}},"1":{"start":{"line":2,"column":0},"end":{"line":2,"column":58}},"2":{"start":{"line":3,"column":0},"end":{"line":3,"column":45}},"3":{"start":{"line":4,"column":0},"end":{"line":4,"column":21}},"4":{"start":{"line":6,"column":15},"end":{"line":23,"column":1}},"5":{"start":{"line":7,"column":2},"end":{"line":22,"column":4}},"6":{"start":{"line":25,"column":0},"end":{"line":25,"column":22}}},"fnMap":{"0":{"name":"(anonymous_0)","decl":{"start":{"line":6,"column":15},"end":{"line":6,"column":18}},"loc":{"start":{"line":6,"column":20},"end":{"line":23,"column":1}}}},"branchMap":{},"s":{"0":1,"1":1,"2":1,"3":1,"4":1,"5":3,"6":1},"f":{"0":3},"b":{}}
,"C:\\Users\\sadek\\Desktop\\dosier openclassroom\\concepteur\\p13\\Bank-API-1\\Frontend\\src\\containers\\loginForm\\index.tsx": {"path":"C:\\Users\\sadek\\Desktop\\dosier openclassroom\\concepteur\\p13\\Bank-API-1\\Frontend\\src\\containers\\loginForm\\index.tsx","statementMap":{"0":{"start":{"line":2,"column":0},"end":{"line":2,"column":47}},"1":{"start":{"line":3,"column":0},"end":{"line":3,"column":40}},"2":{"start":{"line":4,"column":0},"end":{"line":4,"column":21}},"3":{"start":{"line":5,"column":0},"end":{"line":5,"column":42}},"4":{"start":{"line":6,"column":0},"end":{"line":6,"column":57}},"5":{"start":{"line":7,"column":0},"end":{"line":7,"column":56}},"6":{"start":{"line":8,"column":0},"end":{"line":8,"column":69}},"7":{"start":{"line":9,"column":0},"end":{"line":9,"column":61}},"8":{"start":{"line":10,"column":18},"end":{"line":100,"column":1}},"9":{"start":{"line":11,"column":28},"end":{"line":11,"column":40}},"10":{"start":{"line":12,"column":34},"end":{"line":12,"column":46}},"11":{"start":{"line":13,"column":19},"end":{"line":13,"column":32}},"12":{"start":{"line":14,"column":19},"end":{"line":14,"column":32}},"13":{"start":{"line":17,"column":4},"end":{"line":17,"column":23}},"14":{"start":{"line":19,"column":4},"end":{"line":24,"column":5}},"15":{"start":{"line":20,"column":6},"end":{"line":23,"column":8}},"16":{"start":{"line":26,"column":41},"end":{"line":26,"column":72}},"17":{"start":{"line":28,"column":4},"end":{"line":63,"column":5}},"18":{"start":{"line":29,"column":6},"end":{"line":32,"column":8}},"19":{"start":{"line":33,"column":11},"end":{"line":63,"column":5}},"20":{"start":{"line":34,"column":6},"end":{"line":34,"column":27}},"21":{"start":{"line":36,"column":6},"end":{"line":36,"column":54}},"22":{"start":{"line":38,"column":6},"end":{"line":42,"column":8}},"23":{"start":{"line":44,"column":20},"end":{"line":44,"column":49}},"24":{"start":{"line":45,"column":22},"end":{"line":45,"column":48}},"25":{"start":{"line":47,"column":6},"end":{"line":53,"column":7}},"26":{"start":{"line":48,"column":8},"end":{"line":52,"column":10}},"27":{"start":{"line":55,"column":6},"end":{"line":62,"column":7}},"28":{"start":{"line":56,"column":8},"end":{"line":59,"column":10}},"29":{"start":{"line":60,"column":8},"end":{"line":60,"column":21}},"30":{"start":{"line":61,"column":8},"end":{"line":61,"column":24}},"31":{"start":{"line":66,"column":2},"end":{"line":99,"column":4}},"32":{"start":{"line":76,"column":27},"end":{"line":76,"column":51}},"33":{"start":{"line":85,"column":27},"end":{"line":85,"column":54}},"34":{"start":{"line":101,"column":0},"end":{"line":101,"column":25}}},"fnMap":{"0":{"name":"(anonymous_0)","decl":{"start":{"line":10,"column":18},"end":{"line":10,"column":21}},"loc":{"start":{"line":10,"column":23},"end":{"line":100,"column":1}}},"1":{"name":"log","decl":{"start":{"line":16,"column":17},"end":{"line":16,"column":20}},"loc":{"start":{"line":16,"column":44},"end":{"line":64,"column":3}}},"2":{"name":"(anonymous_2)","decl":{"start":{"line":76,"column":20},"end":{"line":76,"column":21}},"loc":{"start":{"line":76,"column":27},"end":{"line":76,"column":51}}},"3":{"name":"(anonymous_3)","decl":{"start":{"line":85,"column":20},"end":{"line":85,"column":21}},"loc":{"start":{"line":85,"column":27},"end":{"line":85,"column":54}}}},"branchMap":{"0":{"loc":{"start":{"line":19,"column":4},"end":{"line":24,"column":5}},"type":"if","locations":[{"start":{"line":19,"column":4},"end":{"line":24,"column":5}}]},"1":{"loc":{"start":{"line":19,"column":8},"end":{"line":19,"column":51}},"type":"binary-expr","locations":[{"start":{"line":19,"column":8},"end":{"line":19,"column":26}},{"start":{"line":19,"column":30},"end":{"line":19,"column":51}}]},"2":{"loc":{"start":{"line":28,"column":4},"end":{"line":63,"column":5}},"type":"if","locations":[{"start":{"line":28,"column":4},"end":{"line":63,"column":5}},{"start":{"line":33,"column":11},"end":{"line":63,"column":5}}]},"3":{"loc":{"start":{"line":33,"column":11},"end":{"line":63,"column":5}},"type":"if","locations":[{"start":{"line":33,"column":11},"end":{"line":63,"column":5}},{"start":{"line":54,"column":11},"end":{"line":63,"column":5}}]},"4":{"loc":{"start":{"line":47,"column":6},"end":{"line":53,"column":7}},"type":"if","locations":[{"start":{"line":47,"column":6},"end":{"line":53,"column":7}}]},"5":{"loc":{"start":{"line":55,"column":6},"end":{"line":62,"column":7}},"type":"if","locations":[{"start":{"line":55,"column":6},"end":{"line":62,"column":7}}]},"6":{"loc":{"start":{"line":55,"column":10},"end":{"line":55,"column":53}},"type":"binary-expr","locations":[{"start":{"line":55,"column":10},"end":{"line":55,"column":28}},{"start":{"line":55,"column":32},"end":{"line":55,"column":53}}]}},"s":{"0":1,"1":1,"2":1,"3":1,"4":1,"5":1,"6":1,"7":1,"8":1,"9":1,"10":1,"11":1,"12":1,"13":0,"14":0,"15":0,"16":0,"17":0,"18":0,"19":0,"20":0,"21":0,"22":0,"23":0,"24":0,"25":0,"26":0,"27":0,"28":0,"29":0,"30":0,"31":1,"32":0,"33":0,"34":1},"f":{"0":1,"1":0,"2":0,"3":0},"b":{"0":[0],"1":[0,0],"2":[0,0],"3":[0,0],"4":[0],"5":[0],"6":[0,0]}}
,"C:\\Users\\sadek\\Desktop\\dosier openclassroom\\concepteur\\p13\\Bank-API-1\\Frontend\\src\\containers\\userName\\index.tsx": {"path":"C:\\Users\\sadek\\Desktop\\dosier openclassroom\\concepteur\\p13\\Bank-API-1\\Frontend\\src\\containers\\userName\\index.tsx","statementMap":{"0":{"start":{"line":1,"column":0},"end":{"line":1,"column":21}},"1":{"start":{"line":2,"column":0},"end":{"line":2,"column":40}},"2":{"start":{"line":3,"column":0},"end":{"line":3,"column":42}},"3":{"start":{"line":4,"column":0},"end":{"line":4,"column":59}},"4":{"start":{"line":5,"column":0},"end":{"line":5,"column":35}},"5":{"start":{"line":7,"column":17},"end":{"line":32,"column":1}},"6":{"start":{"line":8,"column":16},"end":{"line":8,"column":33}},"7":{"start":{"line":9,"column":20},"end":{"line":9,"column":62}},"8":{"start":{"line":10,"column":19},"end":{"line":10,"column":60}},"9":{"start":{"line":11,"column":26},"end":{"line":11,"column":41}},"10":{"start":{"line":14,"column":4},"end":{"line":14,"column":23}},"11":{"start":{"line":15,"column":4},"end":{"line":15,"column":18}},"12":{"start":{"line":18,"column":2},"end":{"line":31,"column":4}},"13":{"start":{"line":34,"column":0},"end":{"line":34,"column":24}}},"fnMap":{"0":{"name":"(anonymous_0)","decl":{"start":{"line":7,"column":17},"end":{"line":7,"column":20}},"loc":{"start":{"line":7,"column":22},"end":{"line":32,"column":1}}},"1":{"name":"edit","decl":{"start":{"line":13,"column":11},"end":{"line":13,"column":15}},"loc":{"start":{"line":13,"column":39},"end":{"line":16,"column":3}}}},"branchMap":{"0":{"loc":{"start":{"line":18,"column":9},"end":{"line":30,"column":null}},"type":"cond-expr","locations":[{"start":{"line":19,"column":4},"end":{"line":19,"column":37}},{"start":{"line":21,"column":4},"end":{"line":29,"column":null}}]}},"s":{"0":1,"1":1,"2":1,"3":1,"4":1,"5":1,"6":1,"7":1,"8":1,"9":1,"10":0,"11":0,"12":1,"13":1},"f":{"0":1,"1":0},"b":{"0":[0,1]}}
,"C:\\Users\\sadek\\Desktop\\dosier openclassroom\\concepteur\\p13\\Bank-API-1\\Frontend\\src\\helpers\\features\\userSlice.ts": {"path":"C:\\Users\\sadek\\Desktop\\dosier openclassroom\\concepteur\\p13\\Bank-API-1\\Frontend\\src\\helpers\\features\\userSlice.ts","statementMap":{"0":{"start":{"line":1,"column":0},"end":{"line":1,"column":47}},"1":{"start":{"line":17,"column":32},"end":{"line":20,"column":2}},"2":{"start":{"line":22,"column":13},"end":{"line":37,"column":3}},"3":{"start":{"line":27,"column":6},"end":{"line":27,"column":34}},"4":{"start":{"line":30,"column":6},"end":{"line":30,"column":24}},"5":{"start":{"line":31,"column":6},"end":{"line":31,"column":24}},"6":{"start":{"line":34,"column":6},"end":{"line":34,"column":34}},"7":{"start":{"line":39,"column":13},"end":{"line":39,"column":39}},"8":{"start":{"line":40,"column":26},"end":{"line":40,"column":73}},"9":{"start":{"line":40,"column":58},"end":{"line":40,"column":73}},"10":{"start":{"line":40,"column":13},"end":{"line":40,"column":26}},"11":{"start":{"line":42,"column":0},"end":{"line":42,"column":33}}},"fnMap":{"0":{"name":"(anonymous_0)","decl":{"start":{"line":26,"column":11},"end":{"line":26,"column":12}},"loc":{"start":{"line":26,"column":29},"end":{"line":28,"column":5}}},"1":{"name":"(anonymous_1)","decl":{"start":{"line":29,"column":12},"end":{"line":29,"column":13}},"loc":{"start":{"line":29,"column":22},"end":{"line":32,"column":5}}},"2":{"name":"(anonymous_2)","decl":{"start":{"line":33,"column":10},"end":{"line":33,"column":11}},"loc":{"start":{"line":33,"column":28},"end":{"line":35,"column":5}}},"3":{"name":"(anonymous_3)","decl":{"start":{"line":40,"column":26},"end":{"line":40,"column":27}},"loc":{"start":{"line":40,"column":58},"end":{"line":40,"column":73}}}},"branchMap":{},"s":{"0":5,"1":5,"2":5,"3":2,"4":1,"5":1,"6":0,"7":5,"8":5,"9":15,"10":5,"11":5},"f":{"0":2,"1":1,"2":0,"3":15},"b":{}}
,"C:\\Users\\sadek\\Desktop\\dosier openclassroom\\concepteur\\p13\\Bank-API-1\\Frontend\\src\\helpers\\services\\api.tsx": {"path":"C:\\Users\\sadek\\Desktop\\dosier openclassroom\\concepteur\\p13\\Bank-API-1\\Frontend\\src\\helpers\\services\\api.tsx","statementMap":{"0":{"start":{"line":8,"column":0},"end":{"line":8,"column":70}},"1":{"start":{"line":10,"column":15},"end":{"line":10,"column":34}},"2":{"start":{"line":12,"column":2},"end":{"line":26,"column":3}},"3":{"start":{"line":13,"column":19},"end":{"line":20,"column":6}},"4":{"start":{"line":22,"column":4},"end":{"line":22,"column":31}},"5":{"start":{"line":24,"column":4},"end":{"line":24,"column":19}},"6":{"start":{"line":25,"column":4},"end":{"line":25,"column":43}},"7":{"start":{"line":9,"column":0},"end":{"line":9,"column":7}},"8":{"start":{"line":35,"column":2},"end":{"line":47,"column":3}},"9":{"start":{"line":36,"column":21},"end":{"line":42,"column":6}},"10":{"start":{"line":44,"column":4},"end":{"line":44,"column":33}},"11":{"start":{"line":46,"column":4},"end":{"line":46,"column":45}},"12":{"start":{"line":34,"column":0},"end":{"line":34,"column":7}},"13":{"start":{"line":61,"column":2},"end":{"line":78,"column":3}},"14":{"start":{"line":62,"column":21},"end":{"line":74,"column":6}},"15":{"start":{"line":75,"column":4},"end":{"line":75,"column":33}},"16":{"start":{"line":77,"column":4},"end":{"line":77,"column":47}},"17":{"start":{"line":56,"column":0},"end":{"line":56,"column":7}}},"fnMap":{"0":{"name":"loginAPI","decl":{"start":{"line":9,"column":22},"end":{"line":9,"column":30}},"loc":{"start":{"line":9,"column":62},"end":{"line":27,"column":1}}},"1":{"name":"getProfileAPI","decl":{"start":{"line":34,"column":22},"end":{"line":34,"column":35}},"loc":{"start":{"line":34,"column":56},"end":{"line":48,"column":1}}},"2":{"name":"editUserNameAPT","decl":{"start":{"line":56,"column":22},"end":{"line":56,"column":37}},"loc":{"start":{"line":59,"column":18},"end":{"line":79,"column":1}}}},"branchMap":{},"s":{"0":3,"1":0,"2":0,"3":0,"4":0,"5":0,"6":0,"7":3,"8":0,"9":0,"10":0,"11":0,"12":3,"13":1,"14":1,"15":0,"16":1,"17":3},"f":{"0":0,"1":0,"2":1},"b":{}}
,"C:\\Users\\sadek\\Desktop\\dosier openclassroom\\concepteur\\p13\\Bank-API-1\\Frontend\\src\\helpers\\services\\apiEndpoints.ts": {"path":"C:\\Users\\sadek\\Desktop\\dosier openclassroom\\concepteur\\p13\\Bank-API-1\\Frontend\\src\\helpers\\services\\apiEndpoints.ts","statementMap":{"0":{"start":{"line":1,"column":13},"end":{"line":1,"column":54}},"1":{"start":{"line":2,"column":13},"end":{"line":2,"column":41}},"2":{"start":{"line":3,"column":13},"end":{"line":3,"column":45}}},"fnMap":{},"branchMap":{},"s":{"0":3,"1":3,"2":3},"f":{},"b":{}}
}
