{"C:\\Users\\sadek\\Desktop\\dosier openclassroom\\concepteur\\p13\\Bank-API-1\\Frontend\\src\\containers\\header\\index.tsx": {"path":"C:\\Users\\sadek\\Desktop\\dosier openclassroom\\concepteur\\p13\\Bank-API-1\\Frontend\\src\\containers\\header\\index.tsx","statementMap":{"0":{"start":{"line":1,"column":0},"end":{"line":1,"column":40}},"1":{"start":{"line":4,"column":0},"end":{"line":4,"column":21}},"2":{"start":{"line":6,"column":15},"end":{"line":20,"column":1}},"3":{"start":{"line":7,"column":2},"end":{"line":19,"column":4}},"4":{"start":{"line":22,"column":0},"end":{"line":22,"column":22}}},"fnMap":{"0":{"name":"(anonymous_0)","decl":{"start":{"line":6,"column":15},"end":{"line":6,"column":18}},"loc":{"start":{"line":6,"column":20},"end":{"line":20,"column":1}}}},"branchMap":{},"s":{"0":1,"1":1,"2":1,"3":3,"4":1},"f":{"0":3},"b":{}}
}
