TN:
SF:src\app\store.ts
FN:18,(anonymous_1)
FNF:1
FNH:1
FNDA:12,(anonymous_1)
DA:1,12
DA:2,12
DA:3,12
DA:4,12
DA:5,12
DA:7,12
DA:12,12
DA:14,12
DA:19,12
DA:25,12
LF:10
LH:10
BRF:0
BRH:0
end_of_record
TN:
SF:src\components\account\index.tsx
FN:23,(anonymous_0)
FNF:1
FNH:1
FNDA:6,(anonymous_0)
DA:15,2
DA:23,2
DA:24,6
DA:38,2
LF:4
LH:4
BRF:0
BRH:0
end_of_record
TN:
SF:src\components\displayMessage\index.tsx
FN:13,(anonymous_1)
FNF:1
FNH:1
FNDA:1,(anonymous_1)
DA:11,4
DA:12,4
DA:13,4
DA:14,1
DA:23,4
LF:5
LH:5
BRF:0
BRH:0
end_of_record
TN:
SF:src\components\featureSection\index.tsx
FN:22,(anonymous_0)
FNF:1
FNH:1
FNDA:7,(anonymous_0)
DA:14,3
DA:22,3
DA:27,7
DA:36,3
LF:4
LH:4
BRF:0
BRH:0
end_of_record
TN:
SF:src\components\signIn\index.tsx
FN:19,(anonymous_0)
FN:28,Singin
FN:32,Singout
FNF:3
FNH:3
FNDA:10,(anonymous_0)
FNDA:1,Singin
FNDA:1,Singout
DA:10,2
DA:11,2
DA:16,2
DA:17,2
DA:19,2
DA:20,10
DA:21,10
DA:22,10
DA:23,10
DA:24,10
DA:25,10
DA:29,1
DA:33,1
DA:34,1
DA:36,10
DA:37,8
DA:40,10
DA:61,2
LF:18
LH:18
BRDA:36,0,0,8
BRDA:40,1,0,8
BRDA:40,1,1,2
BRF:3
BRH:3
end_of_record
TN:
SF:src\containers\editUser\index.tsx
FN:22,(anonymous_1)
FN:31,Update
FN:61,(anonymous_3)
FN:69,(anonymous_4)
FN:77,(anonymous_5)
FNF:5
FNH:5
FNDA:12,(anonymous_1)
FNDA:1,Update
FNDA:2,(anonymous_3)
FNDA:2,(anonymous_4)
FNDA:1,(anonymous_5)
DA:13,3
DA:14,3
DA:15,3
DA:16,3
DA:17,3
DA:18,3
DA:20,3
DA:22,3
DA:23,12
DA:24,12
DA:25,12
DA:26,12
DA:27,12
DA:28,12
DA:29,12
DA:32,1
DA:33,1
DA:34,1
DA:35,0
DA:41,1
DA:46,1
DA:49,12
DA:61,2
DA:69,2
DA:77,1
DA:86,3
LF:26
LH:25
BRDA:34,0,0,0
BRDA:34,0,1,1
BRF:2
BRH:1
end_of_record
TN:
SF:src\containers\footer\index.tsx
FN:10,(anonymous_0)
FNF:1
FNH:1
FNDA:1,(anonymous_0)
DA:8,1
DA:10,1
DA:11,1
DA:20,1
LF:4
LH:4
BRF:0
BRH:0
end_of_record
TN:
SF:src\containers\header\index.tsx
FN:13,(anonymous_1)
FNF:1
FNH:1
FNDA:3,(anonymous_1)
DA:8,1
DA:9,1
DA:10,1
DA:11,1
DA:13,1
DA:14,3
DA:32,1
LF:7
LH:7
BRF:0
BRH:0
end_of_record
TN:
SF:src\containers\heroSection\index.tsx
FN:10,(anonymous_0)
FNF:1
FNH:1
FNDA:2,(anonymous_0)
DA:9,2
DA:10,2
DA:11,2
DA:23,2
LF:4
LH:4
BRF:0
BRH:0
end_of_record
TN:
SF:src\containers\homeFeatures\index.tsx
FN:43,(anonymous_1)
FN:47,(anonymous_2)
FNF:2
FNH:2
FNDA:2,(anonymous_1)
FNDA:6,(anonymous_2)
DA:8,2
DA:9,2
DA:10,2
DA:11,2
DA:12,2
DA:21,2
DA:43,2
DA:44,2
DA:48,6
DA:59,2
LF:10
LH:10
BRF:0
BRH:0
end_of_record
TN:
SF:src\containers\loginForm\index.tsx
FN:18,(anonymous_1)
FN:30,log
FN:91,(anonymous_3)
FN:101,(anonymous_4)
FNF:4
FNH:4
FNDA:18,(anonymous_1)
FNDA:4,log
FNDA:3,(anonymous_3)
FNDA:3,(anonymous_4)
DA:10,2
DA:11,2
DA:12,2
DA:13,2
DA:14,2
DA:15,2
DA:16,2
DA:17,2
DA:18,2
DA:19,18
DA:20,17
DA:21,17
DA:22,17
DA:31,4
DA:33,4
DA:34,2
DA:39,2
DA:41,2
DA:42,0
DA:46,2
DA:47,1
DA:49,1
DA:51,1
DA:57,1
DA:58,1
DA:60,1
DA:61,1
DA:68,1
DA:69,1
DA:73,1
DA:74,1
DA:80,17
DA:91,3
DA:101,3
DA:117,2
LF:35
LH:34
BRDA:33,0,0,2
BRDA:33,0,1,2
BRDA:33,1,0,4
BRDA:33,1,1,2
BRDA:41,2,0,0
BRDA:41,2,1,2
BRDA:46,3,0,1
BRDA:46,3,1,1
BRDA:60,4,0,1
BRDA:68,5,0,1
BRDA:68,6,0,1
BRDA:68,6,1,0
BRF:12
BRH:10
end_of_record
TN:
SF:src\containers\userName\index.tsx
FN:15,(anonymous_1)
FN:22,edit
FNF:2
FNH:2
FNDA:7,(anonymous_1)
FNDA:2,edit
DA:9,2
DA:10,2
DA:11,2
DA:12,2
DA:13,2
DA:15,2
DA:16,7
DA:18,6
DA:19,6
DA:20,6
DA:23,2
DA:24,2
DA:27,6
DA:47,2
LF:14
LH:14
BRDA:27,0,0,2
BRDA:27,0,1,4
BRF:2
BRH:2
end_of_record
TN:
SF:src\helpers\features\userSlice.ts
FN:34,(anonymous_0)
FN:37,(anonymous_1)
FN:41,(anonymous_2)
FN:48,(anonymous_3)
FN:49,(anonymous_4)
FNF:5
FNH:5
FNDA:3,(anonymous_0)
FNDA:1,(anonymous_1)
FNDA:1,(anonymous_2)
FNDA:15,(anonymous_3)
FNDA:41,(anonymous_4)
DA:8,12
DA:25,12
DA:30,12
DA:35,3
DA:38,1
DA:39,1
DA:42,1
DA:47,12
DA:48,15
DA:49,41
DA:51,12
LF:11
LH:11
BRF:0
BRH:0
end_of_record
TN:
SF:src\helpers\services\api.tsx
FN:9,loginAPI
FN:34,getProfileAPI
FN:56,editUserNameAPI
FNF:3
FNH:3
FNDA:10,loginAPI
FNDA:3,getProfileAPI
FNDA:4,editUserNameAPI
DA:8,6
DA:9,6
DA:10,10
DA:12,10
DA:13,10
DA:22,10
DA:24,0
DA:25,0
DA:34,6
DA:35,3
DA:36,3
DA:44,3
DA:46,0
DA:56,6
DA:61,4
DA:62,4
DA:75,2
DA:77,2
LF:18
LH:15
BRF:0
BRH:0
end_of_record
TN:
SF:src\helpers\services\apiEndpoints.ts
FNF:0
FNH:0
DA:1,6
DA:2,6
DA:3,6
LF:3
LH:3
BRF:0
BRH:0
end_of_record
TN:
SF:src\pages\home\index.tsx
FN:12,(anonymous_1)
FNF:1
FNH:1
FNDA:1,(anonymous_1)
DA:8,1
DA:9,1
DA:10,1
DA:12,1
DA:13,1
DA:21,1
LF:6
LH:6
BRF:0
BRH:0
end_of_record
TN:
SF:src\pages\login\index.tsx
FN:11,(anonymous_1)
FNF:1
FNH:1
FNDA:1,(anonymous_1)
DA:8,1
DA:9,1
DA:11,1
DA:12,1
DA:25,1
LF:5
LH:5
BRF:0
BRH:0
end_of_record
TN:
SF:src\pages\notFound\index.tsx
FN:11,(anonymous_0)
FNF:1
FNH:1
FNDA:1,(anonymous_0)
DA:8,1
DA:9,1
DA:11,1
DA:12,1
DA:22,1
LF:5
LH:5
BRF:0
BRH:0
end_of_record
TN:
SF:src\pages\user\index.tsx
FN:31,(anonymous_1)
FN:36,(anonymous_2)
FNF:2
FNH:2
FNDA:1,(anonymous_1)
FNDA:3,(anonymous_2)
DA:8,1
DA:9,1
DA:10,1
DA:11,1
DA:31,1
DA:32,1
DA:37,3
DA:49,1
LF:8
LH:8
BRF:0
BRH:0
end_of_record
