TN:
SF:src\components\signIn\index.tsx
FN:6,(anonymous_0)
FN:15,Singin
FN:19,Singout
FNF:3
FNH:1
FNDA:5,(anonymous_0)
FNDA:0,Singin
FNDA:0,Singout
DA:1,1
DA:2,1
DA:3,1
DA:4,1
DA:6,1
DA:7,5
DA:8,0
DA:9,0
DA:10,0
DA:11,0
DA:12,0
DA:16,0
DA:20,0
DA:21,0
DA:23,0
DA:24,0
DA:27,0
DA:48,1
LF:18
LH:7
BRDA:23,0,0,0
BRDA:27,1,0,0
BRDA:27,1,1,0
BRF:3
BRH:0
end_of_record
TN:
SF:src\containers\header\index.tsx
FN:6,(anonymous_0)
FNF:1
FNH:1
FNDA:3,(anonymous_0)
DA:1,1
DA:2,1
DA:3,1
DA:4,1
DA:6,1
DA:7,3
DA:24,1
LF:7
LH:7
BRF:0
BRH:0
end_of_record
TN:
SF:src\containers\header\myComponenet.tsx
FN:1,(anonymous_0)
FNF:1
FNH:1
FNDA:1,(anonymous_0)
DA:1,1
DA:2,1
DA:13,1
LF:3
LH:3
BRF:0
BRH:0
end_of_record
TN:
SF:src\helpers\features\userSlice.ts
FN:26,(anonymous_0)
FN:29,(anonymous_1)
FN:33,(anonymous_2)
FN:40,(anonymous_3)
FNF:4
FNH:0
FNDA:0,(anonymous_0)
FNDA:0,(anonymous_1)
FNDA:0,(anonymous_2)
FNDA:0,(anonymous_3)
DA:1,1
DA:17,1
DA:22,1
DA:27,0
DA:30,0
DA:31,0
DA:34,0
DA:39,1
DA:40,1
DA:42,1
LF:10
LH:6
BRF:0
BRH:0
end_of_record
